#
# A fatal error has been detected by the Java Runtime Environment:
#
#  SIGSEGV (0xb) at pc=0x00007fff8b67a0dd, pid=69299, tid=1811
#
# JRE version: Java(TM) SE Runtime Environment (8.0_40-b26) (build 1.8.0_40-b26)
# Java VM: Java HotSpot(TM) 64-Bit Server VM (25.40-b25 mixed mode bsd-amd64 compressed oops)
# Problematic frame:
# C  [libobjc.A.dylib+0x10dd]  objc_msgSend+0x1d
#
# Failed to write core dump. Core dumps have been disabled. To enable core dumping, try "ulimit -c unlimited" before starting Java again
#
# If you would like to submit a bug report, please visit:
#   http://bugreport.java.com/bugreport/crash.jsp
# The crash happened outside the Java Virtual Machine in native code.
# See problematic frame for where to report the bug.
#

---------------  T H R E A D  ---------------

Current thread (0x00007f88428ad800):  JavaThread "JavaFX Application Thread" [_thread_in_native, id=1811, stack(0x00007fff51314000,0x00007fff51b14000)]

siginfo: si_signo: 11 (SIGSEGV), si_code: 1 (SEGV_MAPERR), si_addr: 0x0000000000000018

Registers:
RAX=0x000000010fa07100, RBX=0x00007f88428ad9f8, RCX=0x00007f88489a55c0, RDX=0x0000000000000004
RSP=0x00007fff51b06898, RBP=0x00007fff51b06ce0, RSI=0x000000012e7c7c90, RDI=0x00007f8841cc70d0
R8 =0x00007f8841c3aee0, R9 =0x0000000000000000, R10=0x000000012e7c7c90, R11=0x0000000000000000
R12=0x0000000000000408, R13=0x0000000000000000, R14=0x0000000000000001, R15=0x000000010f50f697
RIP=0x00007fff8b67a0dd, EFLAGS=0x0000000000010246, ERR=0x0000000000000004
  TRAPNO=0x000000000000000e

Top of Stack: (sp=0x00007fff51b06898)
0x00007fff51b06898:   000000012e7aefee 0000001051b068e0
0x00007fff51b068a8:   0000000000000001 00007fff7aa160d0
0x00007fff51b068b8:   0000000042000000 00007f88488cc7f0
0x00007fff51b068c8:   00007f88428ad9f8 00007f88489a55c0
0x00007fff51b068d8:   0000000000000000 00007f8841cb4820
0x00007fff51b068e8:   00007fff51b068e0 0000003002000000
0x00007fff51b068f8:   0000000000000003 00007fff51b06938
0x00007fff51b06908:   00007f8841cb4838 0000000000000000
0x00007fff51b06918:   0000000000000000 0000000000000000
0x00007fff51b06928:   0000000000000000 0000000000000000
0x00007fff51b06938:   00007f8841cb1f90 0000000000000000
0x00007fff51b06948:   00007fff51b06940 0000003002000000
0x00007fff51b06958:   00007fff96311fe0 00007fff96312000
0x00007fff51b06968:   0000000000000000 000000f800000000
0x00007fff51b06978:   000000000000001d 408f61e000000000
0x00007fff51b06988:   408179a800000000 0000000000000000
0x00007fff51b06998:   0000000000000000 00011c02fa84d8f0
0x00007fff51b069a8:   0000000000100108 0000000000000000
0x00007fff51b069b8:   0000000000000000 0000000400000000
0x00007fff51b069c8:   0000000000000000 0000000000000001
0x00007fff51b069d8:   000000010000df8f 0000000000010eb3
0x00007fff51b069e8:   0001a4c702ce2ce0 0000000000000000
0x00007fff51b069f8:   0000000000000000 0000000000000000
0x00007fff51b06a08:   0000000000000000 0000000000000000
0x00007fff51b06a18:   0000000000000000 0000000000000000
0x00007fff51b06a28:   0000000000000000 0000000000000000
0x00007fff51b06a38:   0000000000000000 00007f884885f810
0x00007fff51b06a48:   0000000000000000 00007f88488c3d20
0x00007fff51b06a58:   0000000000000000 0000000000000000
0x00007fff51b06a68:   408179a800000000 b5003ed3e26f5895
0x00007fff51b06a78:   0000000000000000 00007f8841ccb5c0
0x00007fff51b06a88:   0000000000000008 0000000000000000 

Instructions: (pc=0x00007fff8b67a0dd)
0x00007fff8b67a0bd:   00 00 00 48 85 ff 2e 74 7a 40 f6 c7 01 2e 75 7e
0x00007fff8b67a0cd:   49 bb f8 ff ff ff ff 7f 00 00 4c 23 1f 49 89 f2
0x00007fff8b67a0dd:   45 23 53 18 49 c1 e2 04 4d 03 53 10 49 3b 32 75
0x00007fff8b67a0ed:   04 41 ff 62 08 49 83 3a 00 74 6a 4d 3b 53 10 74 

Register to memory mapping:

RAX=0x000000010fa07100: jni_NativeInterface+0 in /Library/Java/JavaVirtualMachines/jdk1.8.0_40.jdk/Contents/Home/jre/lib/server/libjvm.dylib at 0x000000010f200000
RBX=0x00007f88428ad9f8 is an unknown value
RCX=0x00007f88489a55c0 is an unknown value
RDX=0x0000000000000004 is an unknown value
RSP=0x00007fff51b06898 is pointing into the stack for thread: 0x00007f88428ad800
RBP=0x00007fff51b06ce0 is pointing into the stack for thread: 0x00007f88428ad800
RSI=0x000000012e7c7c90: __FUNCTION__.97860+0x268 in /Library/Java/JavaVirtualMachines/jdk1.8.0_40.jdk/Contents/Home/jre/lib/libglass.dylib at 0x000000012e797000
RDI=0x00007f8841cc70d0 is an unknown value
R8 =0x00007f8841c3aee0 is an unknown value
R9 =0x0000000000000000 is an unknown value
R10=0x000000012e7c7c90: __FUNCTION__.97860+0x268 in /Library/Java/JavaVirtualMachines/jdk1.8.0_40.jdk/Contents/Home/jre/lib/libglass.dylib at 0x000000012e797000
R11=0x0000000000000000 is an unknown value
R12=0x0000000000000408 is an unknown value
R13=0x0000000000000000 is an unknown value
R14=0x0000000000000001 is an unknown value
R15=0x000000010f50f697: jni_CallStaticVoidMethod+0 in /Library/Java/JavaVirtualMachines/jdk1.8.0_40.jdk/Contents/Home/jre/lib/server/libjvm.dylib at 0x000000010f200000


Stack: [0x00007fff51314000,0x00007fff51b14000],  sp=0x00007fff51b06898,  free space=8138k
Native frames: (J=compiled Java code, j=interpreted, Vv=VM code, C=native code)
C  [libobjc.A.dylib+0x10dd]  objc_msgSend+0x1d
C  [libglass.dylib+0x1769e]  listenTouchEvents+0x5e
C  [CoreGraphics+0x1bf01e]  processEventTapData+0x26b
C  [CoreGraphics+0x1bec90]  _CGYPostEventTapData+0xc1
C  [CoreGraphics+0x12624f]  _XPostEventTapData+0x59
C  [CoreGraphics+0x126338]  CGYEventTap_server+0x56
C  [CoreGraphics+0x1bed78]  eventTapMessageHandler+0x2e
C  [CoreFoundation+0x80d87]  __CFMachPortPerform+0xf7
C  [CoreFoundation+0x80c79]  __CFRUNLOOP_IS_CALLING_OUT_TO_A_SOURCE1_PERFORM_FUNCTION__+0x29
C  [CoreFoundation+0x80beb]  __CFRunLoopDoSource1+0x1db
C  [CoreFoundation+0x72767]  __CFRunLoopRun+0x947
C  [CoreFoundation+0x71bd8]  CFRunLoopRunSpecific+0x128
C  [HIToolbox+0x3256f]  RunCurrentEventLoopInMode+0xeb
C  [HIToolbox+0x321ee]  ReceiveNextEventCommon+0xb3
C  [HIToolbox+0x3212b]  _BlockUntilNextEventMatchingListInModeWithFilter+0x47
C  [AppKit+0x919bb]  _DPSNextEvent+0x3d2
C  [AppKit+0x90f68]  -[NSApplication nextEventMatchingMask:untilDate:inMode:dequeue:]+0x15a
C  [AppKit+0x86bf3]  -[NSApplication run]+0x252
C  [libglass.dylib+0x4f47]  -[GlassApplication runLoop:]+0x6f7
C  [Foundation+0x92d00]  __NSThreadPerformPerform+0x125
C  [CoreFoundation+0x80a01]  __CFRUNLOOP_IS_CALLING_OUT_TO_A_SOURCE0_PERFORM_FUNCTION__+0x11
C  [CoreFoundation+0x72b8d]  __CFRunLoopDoSources0+0x10d
C  [CoreFoundation+0x721bf]  __CFRunLoopRun+0x39f
C  [CoreFoundation+0x71bd8]  CFRunLoopRunSpecific+0x128
C  [java+0x6490]  CreateExecutionEnvironment+0x367
C  [java+0x221c]  JLI_Launch+0x7a0
C  [java+0x84ed]  main+0x65
C  [java+0x1a74]  start+0x34
C  0x0000000000000005


---------------  P R O C E S S  ---------------

Java Threads: ( => current thread )
  0x00007f88439e7000 JavaThread "Prism Font Disposer" daemon [_thread_blocked, id=52515, stack(0x0000000133dbe000,0x0000000133ebe000)]
  0x00007f884313e800 JavaThread "JavaFX-Launcher" [_thread_blocked, id=51715, stack(0x0000000132a7a000,0x0000000132b7a000)]
  0x00007f88439be800 JavaThread "Thread-3" daemon [_thread_in_native, id=39427, stack(0x00000001318a0000,0x0000000131920000)]
=>0x00007f88428ad800 JavaThread "JavaFX Application Thread" [_thread_in_native, id=1811, stack(0x00007fff51314000,0x00007fff51b14000)]
  0x00007f88428bc000 JavaThread "Thread-1" daemon [_thread_blocked, id=27411, stack(0x000000012e7f6000,0x000000012e8f6000)]
  0x00007f8843966800 JavaThread "QuantumRenderer-0" daemon [_thread_blocked, id=21763, stack(0x000000012dfa5000,0x000000012e0a5000)]
  0x00007f8843801000 JavaThread "Service Thread" daemon [_thread_blocked, id=20739, stack(0x000000012dcd3000,0x000000012ddd3000)]
  0x00007f8843021000 JavaThread "C1 CompilerThread3" daemon [_thread_blocked, id=20227, stack(0x000000012dbd0000,0x000000012dcd0000)]
  0x00007f884301e000 JavaThread "C2 CompilerThread2" daemon [_thread_blocked, id=19715, stack(0x000000012dacd000,0x000000012dbcd000)]
  0x00007f8842806000 JavaThread "C2 CompilerThread1" daemon [_thread_blocked, id=19203, stack(0x000000012d9ca000,0x000000012daca000)]
  0x00007f8842809000 JavaThread "C2 CompilerThread0" daemon [_thread_blocked, id=18691, stack(0x000000012d8c7000,0x000000012d9c7000)]
  0x00007f8842801000 JavaThread "Signal Dispatcher" daemon [_thread_blocked, id=15379, stack(0x000000012d7c4000,0x000000012d8c4000)]
  0x00007f8843805000 JavaThread "Finalizer" daemon [_thread_blocked, id=13571, stack(0x000000012bd99000,0x000000012be99000)]
  0x00007f8843804000 JavaThread "Reference Handler" daemon [_thread_blocked, id=13059, stack(0x000000012bc96000,0x000000012bd96000)]
  0x00007f8843006800 JavaThread "main" [_thread_blocked, id=4867, stack(0x000000011016e000,0x000000011026e000)]

Other Threads:
  0x00007f8843011000 VMThread [stack: 0x000000012bb93000,0x000000012bc93000] [id=12547]
  0x00007f8843808000 WatcherThread [stack: 0x000000012ddd6000,0x000000012ded6000] [id=21251]

VM state:not at safepoint (normal execution)

VM Mutex/Monitor currently owned by a thread: None

Heap:
 PSYoungGen      total 76288K, used 64569K [0x000000076ab00000, 0x0000000770000000, 0x00000007c0000000)
  eden space 65536K, 98% used [0x000000076ab00000,0x000000076ea0e4c0,0x000000076eb00000)
  from space 10752K, 0% used [0x000000076f580000,0x000000076f580000,0x0000000770000000)
  to   space 10752K, 0% used [0x000000076eb00000,0x000000076eb00000,0x000000076f580000)
 ParOldGen       total 175104K, used 0K [0x00000006c0000000, 0x00000006cab00000, 0x000000076ab00000)
  object space 175104K, 0% used [0x00000006c0000000,0x00000006c0000000,0x00000006cab00000)
 Metaspace       used 19399K, capacity 20828K, committed 20864K, reserved 1067008K
  class space    used 2845K, capacity 3165K, committed 3200K, reserved 1048576K

Card table byte_map: [0x000000011f684000,0x000000011fe85000] byte_map_base: 0x000000011c084000

Marking Bits: (ParMarkBitMap*) 0x000000010fac27a0
 Begin Bits: [0x0000000120bf3000, 0x0000000124bf3000)
 End Bits:   [0x0000000124bf3000, 0x0000000128bf3000)

Polling page: 0x000000010e1fe000

CodeCache: size=245760Kb used=9073Kb max_used=9076Kb free=236686Kb
 bounds [0x00000001102c4000, 0x0000000110bb4000, 0x000000011f2c4000]
 total_blobs=3568 nmethods=2906 adapters=574
 compilation: enabled

Compilation events (10 events):
Event: 6.888 Thread 0x00007f8843021000 2902   !   3       java.lang.invoke.CallSite::makeSite (457 bytes)
Event: 6.892 Thread 0x00007f8843021000 nmethod 2902 0x0000000110b99590 code [0x0000000110b99b60, 0x0000000110b9e438]
Event: 6.892 Thread 0x00007f8843021000 2904       3       java.lang.invoke.LambdaForm$MH/1096979270::invoke_MT (26 bytes)
Event: 6.892 Thread 0x00007f8843021000 nmethod 2904 0x0000000110ba1690 code [0x0000000110ba1860, 0x0000000110ba2368]
Event: 6.892 Thread 0x00007f8843021000 2905       3       java.lang.invoke.LambdaMetafactory::metafactory (35 bytes)
Event: 6.892 Thread 0x00007f8843021000 nmethod 2905 0x0000000110ba2710 code [0x0000000110ba28a0, 0x0000000110ba2ba8]
Event: 6.917 Thread 0x00007f8842809000 2906       4       java.lang.invoke.LambdaForm$BasicType::basicType (172 bytes)
Event: 6.918 Thread 0x00007f8843021000 2907       3       com.sun.javafx.css.BitSet::contains (63 bytes)
Event: 6.918 Thread 0x00007f8843021000 nmethod 2907 0x0000000110ba2cd0 code [0x0000000110ba2e80, 0x0000000110ba3388]
Event: 6.918 Thread 0x00007f8842809000 nmethod 2906 0x0000000110ba4390 code [0x0000000110ba4600, 0x0000000110ba46b8]

GC Heap History (0 events):
No events

Deoptimization events (10 events):
Event: 3.106 Thread 0x00007f88428ad800 Uncommon trap: reason=array_check action=maybe_recompile pc=0x00000001108a5df4 method=com.sun.javafx.css.CompoundSelector.applies(Ljavafx/css/Styleable;[Ljava/util/Set;I)Z @ 128
Event: 6.013 Thread 0x00007f88428ad800 Uncommon trap: reason=class_check action=maybe_recompile pc=0x0000000110a4bb0c method=javafx.scene.CssStyleHelper.createStyleHelper(Ljavafx/scene/Node;)Ljavafx/scene/CssStyleHelper; @ 151
Event: 6.014 Thread 0x00007f88428ad800 Uncommon trap: reason=class_check action=maybe_recompile pc=0x0000000110a4bb0c method=javafx.scene.CssStyleHelper.createStyleHelper(Ljavafx/scene/Node;)Ljavafx/scene/CssStyleHelper; @ 151
Event: 6.026 Thread 0x00007f88428ad800 Uncommon trap: reason=unstable_if action=reinterpret pc=0x0000000110a4b784 method=javafx.scene.CssStyleHelper.canReuseStyleHelper(Ljavafx/scene/Node;Lcom/sun/javafx/css/StyleMap;)Z @ 178
Event: 6.027 Thread 0x00007f88428ad800 Uncommon trap: reason=unstable_if action=reinterpret pc=0x0000000110825a2c method=javafx.scene.CssStyleHelper.lookup(Ljavafx/css/Styleable;Ljavafx/css/CssMetaData;Lcom/sun/javafx/css/StyleMap;Ljava/util/Set;Ljavafx/css/Styleable;Lcom/sun/javafx/css/Calcul
Event: 6.028 Thread 0x00007f88428ad800 Uncommon trap: reason=class_check action=maybe_recompile pc=0x00000001107a1c14 method=java.io.FilterInputStream.read()I @ 4
Event: 6.028 Thread 0x00007f88428ad800 Uncommon trap: reason=class_check action=maybe_recompile pc=0x00000001107a1c14 method=java.io.FilterInputStream.read()I @ 4
Event: 6.028 Thread 0x00007f88428ad800 Uncommon trap: reason=class_check action=maybe_recompile pc=0x00000001107a1c14 method=java.io.FilterInputStream.read()I @ 4
Event: 6.028 Thread 0x00007f88428ad800 Uncommon trap: reason=class_check action=maybe_recompile pc=0x00000001107a1c14 method=java.io.FilterInputStream.read()I @ 4
Event: 6.038 Thread 0x00007f88428ad800 Uncommon trap: reason=unstable_if action=reinterpret pc=0x0000000110a176f0 method=javafx.scene.CssStyleHelper.lookupInheritedFontProperty(Ljavafx/css/Styleable;Ljava/lang/String;Lcom/sun/javafx/css/StyleMap;ILcom/sun/javafx/css/CascadingStyle;)Lcom/sun/ja

Internal exceptions (10 events):
Event: 0.644 Thread 0x00007f88428ad800 Exception <a 'java/lang/ArrayIndexOutOfBoundsException'> (0x000000076c1a6338) thrown at [/Users/java_re/workspace/8-2-build-macosx-x86_64/jdk8u40/3098/hotspot/src/share/vm/runtime/sharedRuntime.cpp, line 605]
Event: 0.645 Thread 0x00007f88428ad800 Exception <a 'java/lang/ArrayIndexOutOfBoundsException'> (0x000000076c1a6f88) thrown at [/Users/java_re/workspace/8-2-build-macosx-x86_64/jdk8u40/3098/hotspot/src/share/vm/runtime/sharedRuntime.cpp, line 605]
Event: 0.645 Thread 0x00007f88428ad800 Exception <a 'java/lang/ArrayIndexOutOfBoundsException'> (0x000000076c1a8280) thrown at [/Users/java_re/workspace/8-2-build-macosx-x86_64/jdk8u40/3098/hotspot/src/share/vm/runtime/sharedRuntime.cpp, line 605]
Event: 0.680 Thread 0x00007f88428ad800 Exception <a 'java/lang/ArrayIndexOutOfBoundsException'> (0x000000076c2c57b0) thrown at [/Users/java_re/workspace/8-2-build-macosx-x86_64/jdk8u40/3098/hotspot/src/share/vm/runtime/sharedRuntime.cpp, line 605]
Event: 0.723 Thread 0x00007f88428ad800 Exception <a 'java/lang/ArrayIndexOutOfBoundsException'> (0x000000076c67d930) thrown at [/Users/java_re/workspace/8-2-build-macosx-x86_64/jdk8u40/3098/hotspot/src/share/vm/runtime/sharedRuntime.cpp, line 605]
Event: 0.724 Thread 0x00007f88428ad800 Exception <a 'java/lang/ArrayIndexOutOfBoundsException'> (0x000000076c682e80) thrown at [/Users/java_re/workspace/8-2-build-macosx-x86_64/jdk8u40/3098/hotspot/src/share/vm/runtime/sharedRuntime.cpp, line 605]
Event: 0.814 Thread 0x00007f88428ad800 Implicit null exception at 0x00000001105ba7b5 to 0x00000001105ba9f1
Event: 0.843 Thread 0x00007f88428ad800 Exception <a 'java/io/FileNotFoundException'> (0x000000076ca7f7a8) thrown at [/Users/java_re/workspace/8-2-build-macosx-x86_64/jdk8u40/3098/hotspot/src/share/vm/prims/jni.cpp, line 709]
Event: 0.919 Thread 0x00007f88428ad800 Exception <a 'java/io/FileNotFoundException'> (0x000000076cc79080) thrown at [/Users/java_re/workspace/8-2-build-macosx-x86_64/jdk8u40/3098/hotspot/src/share/vm/prims/jni.cpp, line 709]
Event: 1.504 Thread 0x00007f88428ad800 Implicit null exception at 0x0000000110799763 to 0x0000000110799df9

Events (10 events):
Event: 6.891 loading class com/sun/javafx/tk/quantum/WindowStage
Event: 6.891 loading class com/sun/javafx/tk/quantum/WindowStage done
Event: 6.918 loading class java/util/Optional
Event: 6.918 loading class java/util/Optional done
Event: 6.920 loading class java/util/concurrent/CopyOnWriteArrayList$COWIterator
Event: 6.920 loading class java/util/concurrent/CopyOnWriteArrayList$COWIterator done
Event: 6.920 loading class javafx/application/Application
Event: 6.920 loading class javafx/application/Application done
Event: 6.920 loading class javafx/application/Application
Event: 6.921 loading class javafx/application/Application done


Dynamic libraries:
0x00000000091e8000 	/System/Library/Frameworks/Cocoa.framework/Versions/A/Cocoa
0x00000000091e8000 	/System/Library/Frameworks/Security.framework/Versions/A/Security
0x00000000091e8000 	/System/Library/Frameworks/ApplicationServices.framework/Versions/A/ApplicationServices
0x00000000091e8000 	/usr/lib/libz.1.dylib
0x00000000091e8000 	/usr/lib/libSystem.B.dylib
0x00000000091e8000 	/usr/lib/libobjc.A.dylib
0x00000000091e8000 	/System/Library/Frameworks/CoreFoundation.framework/Versions/A/CoreFoundation
0x00000000091e8000 	/System/Library/Frameworks/Foundation.framework/Versions/C/Foundation
0x00000000091e8000 	/System/Library/Frameworks/AppKit.framework/Versions/C/AppKit
0x00000000091e8000 	/System/Library/Frameworks/CoreData.framework/Versions/A/CoreData
0x00000000091e8000 	/System/Library/PrivateFrameworks/RemoteViewServices.framework/Versions/A/RemoteViewServices
0x00000000091e8000 	/System/Library/PrivateFrameworks/UIFoundation.framework/Versions/A/UIFoundation
0x00000000091e8000 	/System/Library/Frameworks/IOSurface.framework/Versions/A/IOSurface
0x00000000091e8000 	/System/Library/Frameworks/AudioToolbox.framework/Versions/A/AudioToolbox
0x00000000091e8000 	/System/Library/Frameworks/AudioUnit.framework/Versions/A/AudioUnit
0x00000000091e8000 	/System/Library/PrivateFrameworks/DataDetectorsCore.framework/Versions/A/DataDetectorsCore
0x00000000091e8000 	/System/Library/PrivateFrameworks/DesktopServicesPriv.framework/Versions/A/DesktopServicesPriv
0x00000000091e8000 	/System/Library/Frameworks/Carbon.framework/Versions/A/Frameworks/HIToolbox.framework/Versions/A/HIToolbox
0x00000000091e8000 	/System/Library/Frameworks/QuartzCore.framework/Versions/A/QuartzCore
0x00000000091e8000 	/System/Library/Frameworks/Carbon.framework/Versions/A/Frameworks/SpeechRecognition.framework/Versions/A/SpeechRecognition
0x00000000091e8000 	/usr/lib/libauto.dylib
0x00000000091e8000 	/usr/lib/libicucore.A.dylib
0x00000000091e8000 	/usr/lib/libxml2.2.dylib
0x00000000091e8000 	/System/Library/PrivateFrameworks/CoreUI.framework/Versions/A/CoreUI
0x00000000091e8000 	/System/Library/Frameworks/CoreAudio.framework/Versions/A/CoreAudio
0x00000000091e8000 	/System/Library/Frameworks/DiskArbitration.framework/Versions/A/DiskArbitration
0x00000000091e8000 	/usr/lib/liblangid.dylib
0x00000000091e8000 	/System/Library/PrivateFrameworks/MultitouchSupport.framework/Versions/A/MultitouchSupport
0x00000000091e8000 	/System/Library/Frameworks/IOKit.framework/Versions/A/IOKit
0x00000000091e8000 	/usr/lib/libDiagnosticMessagesClient.dylib
0x00000000091e8000 	/System/Library/Frameworks/CoreServices.framework/Versions/A/CoreServices
0x00000000091e8000 	/System/Library/PrivateFrameworks/PerformanceAnalysis.framework/Versions/A/PerformanceAnalysis
0x00000000091e8000 	/System/Library/PrivateFrameworks/GenerationalStorage.framework/Versions/A/GenerationalStorage
0x00000000091e8000 	/System/Library/Frameworks/OpenGL.framework/Versions/A/OpenGL
0x00000000091e8000 	/System/Library/PrivateFrameworks/Sharing.framework/Versions/A/Sharing
0x00000000091e8000 	/System/Library/Frameworks/CoreGraphics.framework/Versions/A/CoreGraphics
0x00000000091e8000 	/System/Library/Frameworks/CoreText.framework/Versions/A/CoreText
0x00000000091e8000 	/System/Library/Frameworks/ImageIO.framework/Versions/A/ImageIO
0x00000000091e8000 	/usr/lib/libextension.dylib
0x00000000091e8000 	/System/Library/PrivateFrameworks/Backup.framework/Versions/A/Backup
0x00000000091e8000 	/usr/lib/libarchive.2.dylib
0x00000000091e8000 	/System/Library/Frameworks/CFNetwork.framework/Versions/A/CFNetwork
0x00000000091e8000 	/System/Library/Frameworks/SystemConfiguration.framework/Versions/A/SystemConfiguration
0x00000000091e8000 	/usr/lib/libCRFSuite.dylib
0x00000000091e8000 	/usr/lib/libc++.1.dylib
0x00000000091e8000 	/usr/lib/libc++abi.dylib
0x00000000091e8000 	/usr/lib/system/libcache.dylib
0x00000000091e8000 	/usr/lib/system/libcommonCrypto.dylib
0x00000000091e8000 	/usr/lib/system/libcompiler_rt.dylib
0x00000000091e8000 	/usr/lib/system/libcopyfile.dylib
0x00000000091e8000 	/usr/lib/system/libcorecrypto.dylib
0x00000000091e8000 	/usr/lib/system/libdispatch.dylib
0x00000000091e8000 	/usr/lib/system/libdyld.dylib
0x00000000091e8000 	/usr/lib/system/libkeymgr.dylib
0x00000000091e8000 	/usr/lib/system/liblaunch.dylib
0x00000000091e8000 	/usr/lib/system/libmacho.dylib
0x00000000091e8000 	/usr/lib/system/libquarantine.dylib
0x00000000091e8000 	/usr/lib/system/libremovefile.dylib
0x00000000091e8000 	/usr/lib/system/libsystem_asl.dylib
0x00000000091e8000 	/usr/lib/system/libsystem_blocks.dylib
0x00000000091e8000 	/usr/lib/system/libsystem_c.dylib
0x00000000091e8000 	/usr/lib/system/libsystem_configuration.dylib
0x00000000091e8000 	/usr/lib/system/libsystem_coreservices.dylib
0x00000000091e8000 	/usr/lib/system/libsystem_coretls.dylib
0x00000000091e8000 	/usr/lib/system/libsystem_dnssd.dylib
0x00000000091e8000 	/usr/lib/system/libsystem_info.dylib
0x00000000091e8000 	/usr/lib/system/libsystem_kernel.dylib
0x00000000091e8000 	/usr/lib/system/libsystem_m.dylib
0x00000000091e8000 	/usr/lib/system/libsystem_malloc.dylib
0x00000000091e8000 	/usr/lib/system/libsystem_network.dylib
0x00000000091e8000 	/usr/lib/system/libsystem_networkextension.dylib
0x00000000091e8000 	/usr/lib/system/libsystem_notify.dylib
0x00000000091e8000 	/usr/lib/system/libsystem_platform.dylib
0x00000000091e8000 	/usr/lib/system/libsystem_pthread.dylib
0x00000000091e8000 	/usr/lib/system/libsystem_sandbox.dylib
0x00000000091e8000 	/usr/lib/system/libsystem_secinit.dylib
0x00000000091e8000 	/usr/lib/system/libsystem_stats.dylib
0x00000000091e8000 	/usr/lib/system/libsystem_trace.dylib
0x00000000091e8000 	/usr/lib/system/libunc.dylib
0x00000000091e8000 	/usr/lib/system/libunwind.dylib
0x00000000091e8000 	/usr/lib/system/libxpc.dylib
0x00000000091e8000 	/usr/lib/libbz2.1.0.dylib
0x00000000091e8000 	/usr/lib/liblzma.5.dylib
0x00000000091e8000 	/usr/lib/libbsm.0.dylib
0x00000000091e8000 	/usr/lib/libsqlite3.dylib
0x00000000091e8000 	/usr/lib/system/libkxld.dylib
0x00000000091e8000 	/usr/lib/libxar.1.dylib
0x00000000091e8000 	/usr/lib/libpam.2.dylib
0x00000000091e8000 	/usr/lib/libOpenScriptingUtil.dylib
0x00000000091e8000 	/System/Library/Frameworks/CoreServices.framework/Versions/A/Frameworks/FSEvents.framework/Versions/A/FSEvents
0x00000000091e8000 	/System/Library/Frameworks/CoreServices.framework/Versions/A/Frameworks/CarbonCore.framework/Versions/A/CarbonCore
0x00000000091e8000 	/System/Library/Frameworks/CoreServices.framework/Versions/A/Frameworks/Metadata.framework/Versions/A/Metadata
0x00000000091e8000 	/System/Library/Frameworks/CoreServices.framework/Versions/A/Frameworks/OSServices.framework/Versions/A/OSServices
0x00000000091e8000 	/System/Library/Frameworks/CoreServices.framework/Versions/A/Frameworks/SearchKit.framework/Versions/A/SearchKit
0x00000000091e8000 	/System/Library/Frameworks/CoreServices.framework/Versions/A/Frameworks/AE.framework/Versions/A/AE
0x00000000091e8000 	/System/Library/Frameworks/CoreServices.framework/Versions/A/Frameworks/LaunchServices.framework/Versions/A/LaunchServices
0x00000000091e8000 	/System/Library/Frameworks/CoreServices.framework/Versions/A/Frameworks/DictionaryServices.framework/Versions/A/DictionaryServices
0x00000000091e8000 	/System/Library/Frameworks/NetFS.framework/Versions/A/NetFS
0x00000000091e8000 	/System/Library/PrivateFrameworks/NetAuth.framework/Versions/A/NetAuth
0x00000000091e8000 	/System/Library/PrivateFrameworks/login.framework/Versions/A/Frameworks/loginsupport.framework/Versions/A/loginsupport
0x00000000091e8000 	/System/Library/PrivateFrameworks/TCC.framework/Versions/A/TCC
0x00000000091e8000 	/usr/lib/libmecabra.dylib
0x00000000091e8000 	/System/Library/Frameworks/ApplicationServices.framework/Versions/A/Frameworks/ATS.framework/Versions/A/ATS
0x00000000091e8000 	/System/Library/Frameworks/ApplicationServices.framework/Versions/A/Frameworks/ColorSync.framework/Versions/A/ColorSync
0x00000000091e8000 	/System/Library/Frameworks/ApplicationServices.framework/Versions/A/Frameworks/HIServices.framework/Versions/A/HIServices
0x00000000091e8000 	/System/Library/Frameworks/ApplicationServices.framework/Versions/A/Frameworks/LangAnalysis.framework/Versions/A/LangAnalysis
0x00000000091e8000 	/System/Library/Frameworks/ApplicationServices.framework/Versions/A/Frameworks/PrintCore.framework/Versions/A/PrintCore
0x00000000091e8000 	/System/Library/Frameworks/ApplicationServices.framework/Versions/A/Frameworks/QD.framework/Versions/A/QD
0x00000000091e8000 	/System/Library/Frameworks/ApplicationServices.framework/Versions/A/Frameworks/SpeechSynthesis.framework/Versions/A/SpeechSynthesis
0x00000000091e8000 	/System/Library/Frameworks/Accelerate.framework/Versions/A/Accelerate
0x00000000091e8000 	/System/Library/Frameworks/Accelerate.framework/Versions/A/Frameworks/vImage.framework/Versions/A/vImage
0x00000000091e8000 	/System/Library/Frameworks/Accelerate.framework/Versions/A/Frameworks/vecLib.framework/Versions/A/vecLib
0x00000000091e8000 	/System/Library/Frameworks/Accelerate.framework/Versions/A/Frameworks/vecLib.framework/Versions/A/libvDSP.dylib
0x00000000091e8000 	/System/Library/Frameworks/Accelerate.framework/Versions/A/Frameworks/vecLib.framework/Versions/A/libvMisc.dylib
0x00000000091e8000 	/System/Library/Frameworks/Accelerate.framework/Versions/A/Frameworks/vecLib.framework/Versions/A/libLAPACK.dylib
0x00000000091e8000 	/System/Library/Frameworks/Accelerate.framework/Versions/A/Frameworks/vecLib.framework/Versions/A/libBLAS.dylib
0x00000000091e8000 	/System/Library/Frameworks/Accelerate.framework/Versions/A/Frameworks/vecLib.framework/Versions/A/libLinearAlgebra.dylib
0x00000000091e8000 	/System/Library/Frameworks/ApplicationServices.framework/Versions/A/Frameworks/ATS.framework/Versions/A/Resources/libFontParser.dylib
0x00000000091e8000 	/System/Library/Frameworks/ApplicationServices.framework/Versions/A/Frameworks/ATS.framework/Versions/A/Resources/libFontRegistry.dylib
0x00000000091e8000 	/System/Library/PrivateFrameworks/AppleVPA.framework/Versions/A/AppleVPA
0x00000000091e8000 	/System/Library/PrivateFrameworks/AppleJPEG.framework/Versions/A/AppleJPEG
0x00000000091e8000 	/System/Library/Frameworks/ImageIO.framework/Versions/A/Resources/libJPEG.dylib
0x00000000091e8000 	/System/Library/Frameworks/ImageIO.framework/Versions/A/Resources/libTIFF.dylib
0x00000000091e8000 	/System/Library/Frameworks/ImageIO.framework/Versions/A/Resources/libPng.dylib
0x00000000091e8000 	/System/Library/Frameworks/ImageIO.framework/Versions/A/Resources/libGIF.dylib
0x00000000091e8000 	/System/Library/Frameworks/ImageIO.framework/Versions/A/Resources/libJP2.dylib
0x00000000091e8000 	/System/Library/Frameworks/ImageIO.framework/Versions/A/Resources/libRadiance.dylib
0x00000000091e8000 	/System/Library/Frameworks/CoreVideo.framework/Versions/A/CoreVideo
0x00000000091e8000 	/System/Library/Frameworks/OpenGL.framework/Versions/A/Libraries/libGLU.dylib
0x00000000091e8000 	/System/Library/Frameworks/OpenGL.framework/Versions/A/Libraries/libGFXShared.dylib
0x00000000091e8000 	/System/Library/Frameworks/OpenGL.framework/Versions/A/Libraries/libGL.dylib
0x00000000091e8000 	/System/Library/Frameworks/OpenGL.framework/Versions/A/Libraries/libGLImage.dylib
0x00000000091e8000 	/System/Library/Frameworks/OpenGL.framework/Versions/A/Libraries/libCVMSPluginSupport.dylib
0x00000000091e8000 	/System/Library/Frameworks/OpenGL.framework/Versions/A/Libraries/libCoreVMClient.dylib
0x00000000091e8000 	/usr/lib/libcups.2.dylib
0x00000000091e8000 	/System/Library/Frameworks/Kerberos.framework/Versions/A/Kerberos
0x00000000091e8000 	/System/Library/Frameworks/GSS.framework/Versions/A/GSS
0x00000000091e8000 	/usr/lib/libresolv.9.dylib
0x00000000091e8000 	/usr/lib/libiconv.2.dylib
0x00000000091e8000 	/System/Library/PrivateFrameworks/Heimdal.framework/Versions/A/Heimdal
0x00000000091e8000 	/usr/lib/libheimdal-asn1.dylib
0x00000000091e8000 	/System/Library/Frameworks/OpenDirectory.framework/Versions/A/OpenDirectory
0x00000000091e8000 	/System/Library/PrivateFrameworks/CommonAuth.framework/Versions/A/CommonAuth
0x00000000091e8000 	/System/Library/Frameworks/OpenDirectory.framework/Versions/A/Frameworks/CFOpenDirectory.framework/Versions/A/CFOpenDirectory
0x00000000091e8000 	/System/Library/Frameworks/SecurityFoundation.framework/Versions/A/SecurityFoundation
0x00000000091e8000 	/System/Library/PrivateFrameworks/LanguageModeling.framework/Versions/A/LanguageModeling
0x00000000091e8000 	/usr/lib/libcmph.dylib
0x00000000091e8000 	/System/Library/Frameworks/ServiceManagement.framework/Versions/A/ServiceManagement
0x00000000091e8000 	/usr/lib/libxslt.1.dylib
0x00000000091e8000 	/System/Library/Frameworks/Carbon.framework/Versions/A/Frameworks/Ink.framework/Versions/A/Ink
0x00000000091e8000 	/System/Library/Frameworks/QuartzCore.framework/Versions/A/Frameworks/CoreImage.framework/Versions/A/CoreImage
0x00000000091e8000 	/System/Library/PrivateFrameworks/CrashReporterSupport.framework/Versions/A/CrashReporterSupport
0x00000000091e8000 	/System/Library/Frameworks/OpenCL.framework/Versions/A/OpenCL
0x00000000091e8000 	/System/Library/PrivateFrameworks/FaceCore.framework/Versions/A/FaceCore
0x00000000091e8000 	/System/Library/PrivateFrameworks/Ubiquity.framework/Versions/A/Ubiquity
0x00000000091e8000 	/System/Library/PrivateFrameworks/IconServices.framework/Versions/A/IconServices
0x00000000091e8000 	/System/Library/PrivateFrameworks/ChunkingLibrary.framework/Versions/A/ChunkingLibrary
0x00000000091e8000 	/System/Library/PrivateFrameworks/Apple80211.framework/Versions/A/Apple80211
0x00000000091e8000 	/System/Library/Frameworks/CoreWLAN.framework/Versions/A/CoreWLAN
0x00000000091e8000 	/System/Library/Frameworks/IOBluetooth.framework/Versions/A/IOBluetooth
0x00000000091e8000 	/System/Library/PrivateFrameworks/CoreWiFi.framework/Versions/A/CoreWiFi
0x00000000091e8000 	/System/Library/Frameworks/CoreBluetooth.framework/Versions/A/CoreBluetooth
0x00000000091e8000 	/System/Library/PrivateFrameworks/DebugSymbols.framework/Versions/A/DebugSymbols
0x00000000091e8000 	/System/Library/PrivateFrameworks/CoreSymbolication.framework/Versions/A/CoreSymbolication
0x00000000091e8000 	/System/Library/PrivateFrameworks/Symbolication.framework/Versions/A/Symbolication
0x00000000091e8000 	/System/Library/PrivateFrameworks/SpeechRecognitionCore.framework/Versions/A/SpeechRecognitionCore
0x000000010f200000 	/Library/Java/JavaVirtualMachines/jdk1.8.0_40.jdk/Contents/Home/jre/lib/server/libjvm.dylib
0x00000000091e8000 	/usr/lib/libstdc++.6.dylib
0x0000000110270000 	/Library/Java/JavaVirtualMachines/jdk1.8.0_40.jdk/Contents/Home/jre/lib/libverify.dylib
0x000000011027e000 	/Library/Java/JavaVirtualMachines/jdk1.8.0_40.jdk/Contents/Home/jre/lib/libjava.dylib
0x00000001102bb000 	/Library/Java/JavaVirtualMachines/jdk1.8.0_40.jdk/Contents/Home/jre/lib/libzip.dylib
0x000000012be9b000 	/System/Library/Frameworks/JavaVM.framework/Frameworks/JavaRuntimeSupport.framework/JavaRuntimeSupport
0x000000012beb3000 	/System/Library/Frameworks/JavaVM.framework/Versions/A/Frameworks/JavaNativeFoundation.framework/Versions/A/JavaNativeFoundation
0x000000012bec8000 	/System/Library/Frameworks/JavaVM.framework/Versions/A/JavaVM
0x00000000091e8000 	/System/Library/Frameworks/Carbon.framework/Versions/A/Carbon
0x000000012bed5000 	/System/Library/PrivateFrameworks/JavaLaunching.framework/Versions/A/JavaLaunching
0x00000000091e8000 	/System/Library/Frameworks/Carbon.framework/Versions/A/Frameworks/CommonPanels.framework/Versions/A/CommonPanels
0x00000000091e8000 	/System/Library/Frameworks/Carbon.framework/Versions/A/Frameworks/Help.framework/Versions/A/Help
0x00000000091e8000 	/System/Library/Frameworks/Carbon.framework/Versions/A/Frameworks/ImageCapture.framework/Versions/A/ImageCapture
0x00000000091e8000 	/System/Library/Frameworks/Carbon.framework/Versions/A/Frameworks/OpenScripting.framework/Versions/A/OpenScripting
0x00000000091e8000 	/System/Library/Frameworks/Carbon.framework/Versions/A/Frameworks/Print.framework/Versions/A/Print
0x00000000091e8000 	/System/Library/Frameworks/Carbon.framework/Versions/A/Frameworks/SecurityHI.framework/Versions/A/SecurityHI
0x000000012e0a7000 	/Library/Java/JavaVirtualMachines/jdk1.8.0_40.jdk/Contents/Home/jre/lib/libprism_es2.dylib
0x00000000091e8000 	/System/Library/Frameworks/OpenGL.framework/Versions/A/Resources/GLEngine.bundle/GLEngine
0x00000000091e8000 	/System/Library/Frameworks/OpenGL.framework/Versions/A/Libraries/libGLProgrammability.dylib
0x0000000000000000 	/System/Library/Extensions/AppleIntelHD4000GraphicsGLDriver.bundle/Contents/MacOS/AppleIntelHD4000GraphicsGLDriver
0x00000000091e8000 	/System/Library/PrivateFrameworks/IOAccelerator.framework/Versions/A/IOAccelerator
0x00000000091e8000 	/System/Library/PrivateFrameworks/GPUSupport.framework/Versions/A/Libraries/libGPUSupportMercury.dylib
0x0000000000000000 	/System/Library/Extensions/GeForceGLDriver.bundle/Contents/MacOS/GeForceGLDriver
0x00000000091e8000 	/System/Library/Extensions/GeForceGLDriver.bundle/Contents/MacOS/libclh.dylib
0x00000000091e8000 	/System/Library/Frameworks/OpenGL.framework/Versions/A/Resources/GLRendererFloat.bundle/GLRendererFloat
0x00000000091e8000 	/System/Library/Frameworks/OpenCL.framework/Versions/A/Libraries/libcldcpuengine.dylib
0x00000000091e8000 	/System/Library/PrivateFrameworks/DiskImages.framework/Versions/A/DiskImages
0x00000000091e8000 	/System/Library/Frameworks/DiscRecording.framework/Versions/A/DiscRecording
0x00000000091e8000 	/usr/lib/libcsfde.dylib
0x00000000091e8000 	/usr/lib/libcurl.4.dylib
0x00000000091e8000 	/System/Library/PrivateFrameworks/MediaKit.framework/Versions/A/MediaKit
0x00000000091e8000 	/System/Library/PrivateFrameworks/ProtectedCloudStorage.framework/Versions/A/ProtectedCloudStorage
0x00000000091e8000 	/usr/lib/libCoreStorage.dylib
0x00000000091e8000 	/System/Library/PrivateFrameworks/EFILogin.framework/Versions/A/EFILogin
0x00000000091e8000 	/usr/lib/libutil.dylib
0x00000000091e8000 	/System/Library/PrivateFrameworks/FindMyDevice.framework/Versions/A/FindMyDevice
0x00000000091e8000 	/System/Library/Frameworks/LDAP.framework/Versions/A/LDAP
0x00000000091e8000 	/usr/lib/libsasl2.2.dylib
0x00000000091e8000 	/System/Library/PrivateFrameworks/CoreDaemon.framework/Versions/B/CoreDaemon
0x00000000091e8000 	/usr/lib/libcrypto.0.9.8.dylib
0x00000000091e8000 	/System/Library/PrivateFrameworks/AppleSRP.framework/Versions/A/AppleSRP
0x00000000091e8000 	/System/Library/PrivateFrameworks/TrustEvaluationAgent.framework/Versions/A/TrustEvaluationAgent
0x000000012e797000 	/Library/Java/JavaVirtualMachines/jdk1.8.0_40.jdk/Contents/Home/jre/lib/libglass.dylib
0x00000000091e8000 	/System/Library/PrivateFrameworks/CoreServicesInternal.framework/Versions/A/CoreServicesInternal
0x00000000091e8000 	/System/Library/PrivateFrameworks/CloudDocs.framework/Versions/A/CloudDocs
0x00000000091e8000 	/System/Library/PrivateFrameworks/CoreDuet.framework/Versions/A/CoreDuet
0x00000000091e8000 	/System/Library/Frameworks/CloudKit.framework/Versions/A/CloudKit
0x00000000091e8000 	/System/Library/PrivateFrameworks/ProtocolBuffer.framework/Versions/A/ProtocolBuffer
0x00000000091e8000 	/System/Library/PrivateFrameworks/CoreDuetDaemonProtocol.framework/Versions/A/CoreDuetDaemonProtocol
0x00000000091e8000 	/System/Library/PrivateFrameworks/CoreDuetDebugLogging.framework/Versions/A/CoreDuetDebugLogging
0x00000000091e8000 	/System/Library/PrivateFrameworks/MMCS.framework/Versions/A/MMCS
0x00000000091e8000 	/System/Library/Frameworks/CoreLocation.framework/Versions/A/CoreLocation
0x00000000091e8000 	/System/Library/PrivateFrameworks/GeoServices.framework/Versions/A/GeoServices
0x00000000091e8000 	/System/Library/Frameworks/CoreGraphics.framework/Versions/A/Resources/libCGCMS.A.dylib
0x00000000091e8000 	/System/Library/CoreServices/RawCamera.bundle/Contents/MacOS/RawCamera
0x00000000091e8000 	/System/Library/Frameworks/CoreGraphics.framework/Versions/A/Resources/libRIP.A.dylib
0x00000000091e8000 	/System/Library/PrivateFrameworks/FamilyControls.framework/Versions/A/FamilyControls
0x00000000091e8000 	/System/Library/PrivateFrameworks/CommerceKit.framework/Versions/A/Frameworks/CommerceCore.framework/Versions/A/CommerceCore
0x00000000091e8000 	/System/Library/PrivateFrameworks/SystemAdministration.framework/Versions/A/SystemAdministration
0x00000000091e8000 	/System/Library/PrivateFrameworks/AppContainer.framework/Versions/A/AppContainer
0x00000000091e8000 	/System/Library/PrivateFrameworks/SecCodeWrapper.framework/Versions/A/SecCodeWrapper
0x00000000091e8000 	/System/Library/Frameworks/DirectoryService.framework/Versions/A/DirectoryService
0x00000000091e8000 	/System/Library/PrivateFrameworks/LoginUIKit.framework/Versions/A/Frameworks/LoginUICore.framework/Versions/A/LoginUICore
0x00000000091e8000 	/usr/lib/libodfde.dylib
0x0000000132e39000 	/Library/Java/JavaVirtualMachines/jdk1.8.0_40.jdk/Contents/Home/jre/lib/libjavafx_font.dylib
0x00000000091e8000 	/System/Library/Frameworks/CoreGraphics.framework/Versions/A/Resources/libCGXType.A.dylib
0x0000000132bc3000 	cl_kernels
0x0000000136daa000 	/System/Library/Frameworks/OpenCL.framework/Versions/A/Libraries/ImageFormats/unorm8_bgra.dylib
0x0000000132bb5000 	cl_kernels
0x0000000132bd5000 	/Library/Java/JavaVirtualMachines/jdk1.8.0_40.jdk/Contents/Home/jre/lib/libprism_common.dylib

VM Arguments:
jvm_args: -Dfile.encoding=UTF-8 
java_command: application.AddressBookMain
java_class_path (initial): /Users/jroehl/Dropbox/Programmierung/GIT/Beuth_Programmieren_2/II-X1.AddressBook-JavaFX/bin:/Applications/eclipse/plugins/org.eclipse.fx.ide.css.jfx8_1.1.0.201411050807.jar:/Applications/eclipse/plugins/org.junit_4.11.0.v201303080030/junit.jar:/Applications/eclipse/plugins/org.hamcrest.core_1.3.0.v201303031735.jar
Launcher Type: SUN_STANDARD

Environment Variables:
PATH=/usr/bin:/bin:/usr/sbin:/sbin
SHELL=/bin/bash
DISPLAY=/private/tmp/com.apple.launchd.9eEvWtEofl/org.macosforge.xquartz:0

Signal Handlers:
SIGSEGV: [libjvm.dylib+0x58ef95], sa_mask[0]=11111111011111110111111111111111, sa_flags=SA_ONSTACK|SA_RESTART|SA_SIGINFO
SIGBUS: [libjvm.dylib+0x58ef95], sa_mask[0]=11111111011111110111111111111111, sa_flags=SA_RESTART|SA_SIGINFO
SIGFPE: [libjvm.dylib+0x46c118], sa_mask[0]=11111111011111110111111111111111, sa_flags=SA_RESTART|SA_SIGINFO
SIGPIPE: [libjvm.dylib+0x46c118], sa_mask[0]=11111111011111110111111111111111, sa_flags=SA_RESTART|SA_SIGINFO
SIGXFSZ: [libjvm.dylib+0x46c118], sa_mask[0]=11111111011111110111111111111111, sa_flags=SA_RESTART|SA_SIGINFO
SIGILL: [libjvm.dylib+0x46c118], sa_mask[0]=11111111011111110111111111111111, sa_flags=SA_RESTART|SA_SIGINFO
SIGUSR1: SIG_DFL, sa_mask[0]=00000000000000000000000000000000, sa_flags=none
SIGUSR2: [libjvm.dylib+0x46bc36], sa_mask[0]=00100000000000000000000000000000, sa_flags=SA_RESTART|SA_SIGINFO
SIGHUP: [libjvm.dylib+0x46a209], sa_mask[0]=11111111011111110111111111111111, sa_flags=SA_RESTART|SA_SIGINFO
SIGINT: [libjvm.dylib+0x46a209], sa_mask[0]=11111111011111110111111111111111, sa_flags=SA_RESTART|SA_SIGINFO
SIGTERM: [libjvm.dylib+0x46a209], sa_mask[0]=11111111011111110111111111111111, sa_flags=SA_RESTART|SA_SIGINFO
SIGQUIT: [libjvm.dylib+0x46a209], sa_mask[0]=11111111011111110111111111111111, sa_flags=SA_RESTART|SA_SIGINFO


---------------  S Y S T E M  ---------------

OS:Bsduname:Darwin 14.3.0 Darwin Kernel Version 14.3.0: Mon Mar 23 11:59:05 PDT 2015; root:xnu-2782.20.48~5/RELEASE_X86_64 x86_64
rlimit: STACK 8192k, CORE 0k, NPROC 709, NOFILE 10240, AS infinity
load average:2.91 2.94 2.96

CPU:total 8 (4 cores per cpu, 2 threads per core) family 6 model 58 stepping 9, cmov, cx8, fxsr, mmx, sse, sse2, sse3, ssse3, sse4.1, sse4.2, popcnt, avx, aes, clmul, erms, ht, tsc, tscinvbit, tscinv

Memory: 4k page, physical 16777216k(984852k free)

/proc/meminfo:


vm_info: Java HotSpot(TM) 64-Bit Server VM (25.40-b25) for bsd-amd64 JRE (1.8.0_40-b26), built on Mar  7 2015 13:53:55 by "java_re" with gcc 4.2.1 (Based on Apple Inc. build 5658) (LLVM build 2336.11.00)

time: Wed Jun  3 18:20:03 2015
elapsed time: 6 seconds (0d 0h 0m 6s)

